0 info it worked if it ends with ok
1 verbose cli [ 'c:\\Program Files\\nodejs\\node.exe',
1 verbose cli   'c:\\Program Files\\nodejs\\node_modules\\npm\\bin\\npm-cli.js',
1 verbose cli   'install',
1 verbose cli   'gort' ]
2 info using npm@2.14.4
3 info using node@v4.1.1
4 verbose install initial load of c:\Users\Darsh Kulk\Documents\FTC\leapRockPaperScissors\package.json
5 verbose readDependencies loading dependencies from c:\Users\Darsh Kulk\Documents\FTC\leapRockPaperScissors\package.json
6 silly cache add args [ 'gort', null ]
7 verbose cache add spec gort
8 silly cache add parsed spec Result {
8 silly cache add   raw: 'gort',
8 silly cache add   scope: null,
8 silly cache add   name: null,
8 silly cache add   rawSpec: 'gort',
8 silly cache add   spec: 'c:\\Users\\Darsh Kulk\\Documents\\FTC\\leapRockPaperScissors\\gort',
8 silly cache add   type: 'local' }
9 silly addLocalTarball shasum (computed) 469f9b451c77803128821756360c62a11a383d84
10 verbose addTmpTarball c:\Users\Darsh Kulk\Documents\FTC\leapRockPaperScissors\gort not in flight; adding
11 verbose addTmpTarball validating metadata from c:\Users\Darsh Kulk\Documents\FTC\leapRockPaperScissors\gort
12 verbose tar unpack c:\Users\Darsh Kulk\Documents\FTC\leapRockPaperScissors\gort
13 verbose tar unpacking to C:\Users\DARSHK~1\AppData\Local\Temp\npm-17992-fe3b0bac\unpack-7487b73574c1
14 silly gentlyRm C:\Users\DARSHK~1\AppData\Local\Temp\npm-17992-fe3b0bac\unpack-7487b73574c1 is being purged
15 verbose gentlyRm don't care about contents; nuking C:\Users\DARSHK~1\AppData\Local\Temp\npm-17992-fe3b0bac\unpack-7487b73574c1
16 silly gunzTarPerm modes [ '777', '666' ]
17 error not a package c:\Users\Darsh Kulk\Documents\FTC\leapRockPaperScissors\gort
18 error addLocal Could not install c:\Users\Darsh Kulk\Documents\FTC\leapRockPaperScissors\gort
19 verbose stack Error: ENOENT: no such file or directory, open 'C:\Users\DARSHK~1\AppData\Local\Temp\npm-17992-fe3b0bac\unpack-7487b73574c1\package.json'
19 verbose stack     at Error (native)
20 verbose cwd c:\Users\Darsh Kulk\Documents\FTC\leapRockPaperScissors
21 error Windows_NT 10.0.10240
22 error argv "c:\\Program Files\\nodejs\\node.exe" "c:\\Program Files\\nodejs\\node_modules\\npm\\bin\\npm-cli.js" "install" "gort"
23 error node v4.1.1
24 error npm  v2.14.4
25 error path C:\Users\DARSHK~1\AppData\Local\Temp\npm-17992-fe3b0bac\unpack-7487b73574c1\package.json
26 error code ENOENT
27 error errno -4058
28 error syscall open
29 error enoent ENOENT: no such file or directory, open 'C:\Users\DARSHK~1\AppData\Local\Temp\npm-17992-fe3b0bac\unpack-7487b73574c1\package.json'
29 error enoent This is most likely not a problem with npm itself
29 error enoent and is related to npm not being able to find a file.
30 verbose exit [ -4058, true ]
